=== Sun Mar 29 17:15:43 CDT 2026 ===
extraction|completed|1507
extraction|failed|2
extraction|processing|1
registration|pending|522

=== Sun Mar 29 17:15:48 CDT 2026 ===
extraction|completed|1511
extraction|failed|2
extraction|processing|1
registration|pending|518

=== Sun Mar 29 17:15:53 CDT 2026 ===
extraction|completed|1511
extraction|failed|2
extraction|processing|1
registration|pending|518

=== Sun Mar 29 17:15:58 CDT 2026 ===
extraction|completed|1511
extraction|failed|2
extraction|processing|1
registration|pending|518

=== Sun Mar 29 17:16:03 CDT 2026 ===
extraction|completed|1511
extraction|failed|2
extraction|processing|1
registration|pending|518

=== Sun Mar 29 17:16:08 CDT 2026 ===
extraction|completed|1515
extraction|failed|2
extraction|processing|1
registration|pending|514

=== Sun Mar 29 17:16:13 CDT 2026 ===
extraction|completed|1515
extraction|failed|2
extraction|processing|1
registration|pending|514

=== Sun Mar 29 17:16:18 CDT 2026 ===
extraction|completed|1515
extraction|failed|2
extraction|processing|1
registration|pending|514

=== Sun Mar 29 17:16:23 CDT 2026 ===
extraction|completed|1516
extraction|failed|2
extraction|processing|1
registration|pending|513

=== Sun Mar 29 17:16:28 CDT 2026 ===
extraction|completed|1517
extraction|failed|2
extraction|processing|1
registration|pending|512

=== Sun Mar 29 17:16:33 CDT 2026 ===
extraction|completed|1526
extraction|failed|2
extraction|processing|1
registration|pending|503

=== Sun Mar 29 17:16:38 CDT 2026 ===
extraction|completed|1526
extraction|failed|2
extraction|processing|1
registration|pending|503

=== Sun Mar 29 17:16:43 CDT 2026 ===
extraction|completed|1531
extraction|failed|2
extraction|processing|1
registration|pending|498

=== Sun Mar 29 17:16:48 CDT 2026 ===
extraction|completed|1574
extraction|failed|2
extraction|processing|1
registration|pending|455

=== Sun Mar 29 17:16:53 CDT 2026 ===
extraction|completed|1625
extraction|failed|2
extraction|processing|1
registration|pending|404

=== Sun Mar 29 17:16:58 CDT 2026 ===
extraction|completed|1636
extraction|failed|2
extraction|processing|1
registration|pending|393

=== Sun Mar 29 17:17:03 CDT 2026 ===
extraction|completed|1670
extraction|failed|2
extraction|processing|1
registration|pending|359

=== Sun Mar 29 17:17:08 CDT 2026 ===
extraction|completed|1728
extraction|failed|2
extraction|processing|1
registration|pending|301

=== Sun Mar 29 17:17:13 CDT 2026 ===
extraction|completed|1741
extraction|failed|2
extraction|processing|1
registration|pending|288

=== Sun Mar 29 17:17:18 CDT 2026 ===
extraction|completed|1741
extraction|failed|2
extraction|processing|1
registration|pending|288

=== Sun Mar 29 17:17:23 CDT 2026 ===
extraction|completed|1741
extraction|failed|2
extraction|processing|1
registration|pending|288

=== Sun Mar 29 17:17:28 CDT 2026 ===
extraction|completed|1757
extraction|failed|2
extraction|processing|1
registration|pending|272

=== Sun Mar 29 17:17:33 CDT 2026 ===
extraction|completed|1793
extraction|failed|2
extraction|processing|1
registration|pending|236

=== Sun Mar 29 17:17:38 CDT 2026 ===
extraction|completed|1851
extraction|failed|2
extraction|processing|1
registration|pending|178

=== Sun Mar 29 17:17:43 CDT 2026 ===
extraction|completed|1913
extraction|failed|2
extraction|processing|1
registration|pending|116

=== Sun Mar 29 17:17:48 CDT 2026 ===
extraction|completed|1954
extraction|failed|2
extraction|processing|1
registration|pending|75

=== Sun Mar 29 17:17:53 CDT 2026 ===
extraction|completed|2021
extraction|failed|2
extraction|processing|1
registration|pending|8

=== Sun Mar 29 17:17:58 CDT 2026 ===
extraction|completed|2022
extraction|failed|2
extraction|processing|1
registration|pending|7

=== Sun Mar 29 17:18:04 CDT 2026 ===
extraction|completed|2030
extraction|failed|2

=== Sun Mar 29 17:18:09 CDT 2026 ===
extraction|completed|2030
extraction|failed|2

=== Sun Mar 29 17:18:14 CDT 2026 ===
extraction|completed|2030
extraction|failed|2

=== Sun Mar 29 17:18:19 CDT 2026 ===
extraction|completed|2030
extraction|failed|2

=== Sun Mar 29 17:18:24 CDT 2026 ===
extraction|completed|2030
extraction|failed|2

=== Sun Mar 29 17:18:29 CDT 2026 ===
extraction|completed|2030
extraction|failed|2

=== Sun Mar 29 17:18:34 CDT 2026 ===
extraction|completed|2030
extraction|failed|2

=== Sun Mar 29 17:18:39 CDT 2026 ===
extraction|completed|2030
extraction|failed|2

=== Sun Mar 29 17:18:44 CDT 2026 ===
extraction|completed|2030
extraction|failed|2

=== Sun Mar 29 17:18:49 CDT 2026 ===
extraction|completed|2030
extraction|failed|2

=== Sun Mar 29 17:18:54 CDT 2026 ===
extraction|completed|2030
extraction|failed|2

=== Sun Mar 29 17:18:59 CDT 2026 ===
extraction|completed|2030
extraction|failed|2

=== Sun Mar 29 17:19:04 CDT 2026 ===
extraction|completed|2030
extraction|failed|2

=== Sun Mar 29 17:19:09 CDT 2026 ===
extraction|completed|2030
extraction|failed|2

=== Sun Mar 29 17:19:14 CDT 2026 ===
extraction|completed|2030
extraction|failed|2

=== Sun Mar 29 17:19:19 CDT 2026 ===
extraction|completed|2030
extraction|failed|2

=== Sun Mar 29 17:19:24 CDT 2026 ===
extraction|completed|2030
extraction|failed|2

=== Sun Mar 29 17:19:29 CDT 2026 ===
extraction|completed|2030
extraction|failed|2

=== Sun Mar 29 17:19:34 CDT 2026 ===
extraction|completed|2030
extraction|failed|2

=== Sun Mar 29 17:19:39 CDT 2026 ===
extraction|completed|2030
extraction|failed|2

=== Sun Mar 29 17:19:44 CDT 2026 ===
extraction|completed|2030
extraction|failed|2

=== Sun Mar 29 17:19:49 CDT 2026 ===
extraction|completed|2030
extraction|failed|2

=== Sun Mar 29 17:19:54 CDT 2026 ===
extraction|completed|2030
extraction|failed|2

=== Sun Mar 29 17:19:59 CDT 2026 ===
extraction|completed|2030
extraction|failed|2

=== Sun Mar 29 17:20:04 CDT 2026 ===
extraction|completed|2030
extraction|failed|2

=== Sun Mar 29 17:20:09 CDT 2026 ===
extraction|completed|2030
extraction|failed|2

=== Sun Mar 29 17:20:14 CDT 2026 ===
extraction|completed|2030
extraction|failed|2

=== Sun Mar 29 17:20:19 CDT 2026 ===
extraction|completed|2030
extraction|failed|2

=== Sun Mar 29 17:20:24 CDT 2026 ===
extraction|completed|2030
extraction|failed|2

=== Sun Mar 29 17:20:29 CDT 2026 ===
extraction|completed|2030
extraction|failed|2

=== Sun Mar 29 17:20:34 CDT 2026 ===
extraction|completed|2030
extraction|failed|2

=== Sun Mar 29 17:20:39 CDT 2026 ===
extraction|completed|2030
extraction|failed|2

=== Sun Mar 29 17:20:44 CDT 2026 ===
extraction|completed|2030
extraction|failed|2

=== Sun Mar 29 17:20:49 CDT 2026 ===
extraction|completed|2030
extraction|failed|2

=== Sun Mar 29 17:20:54 CDT 2026 ===
extraction|completed|2030
extraction|failed|2

=== Sun Mar 29 17:20:59 CDT 2026 ===
extraction|completed|2030
extraction|failed|2

=== Sun Mar 29 17:21:04 CDT 2026 ===
extraction|completed|2030
extraction|failed|2

=== Sun Mar 29 17:21:09 CDT 2026 ===
extraction|completed|2030
extraction|failed|2

=== Sun Mar 29 17:21:14 CDT 2026 ===
extraction|completed|2030
extraction|failed|2

=== Sun Mar 29 17:21:19 CDT 2026 ===
extraction|completed|2030
extraction|failed|2

=== Sun Mar 29 17:21:24 CDT 2026 ===
extraction|completed|2030
extraction|failed|2

=== Sun Mar 29 17:21:29 CDT 2026 ===
extraction|completed|2030
extraction|failed|2

=== Sun Mar 29 17:21:34 CDT 2026 ===
extraction|completed|2030
extraction|failed|2

=== Sun Mar 29 17:21:39 CDT 2026 ===
extraction|completed|2030
extraction|failed|2

=== Sun Mar 29 17:21:44 CDT 2026 ===
extraction|completed|2030
extraction|failed|2

=== Sun Mar 29 17:21:49 CDT 2026 ===
extraction|completed|2030
extraction|failed|2

=== Sun Mar 29 17:21:54 CDT 2026 ===
extraction|completed|2030
extraction|failed|2

=== Sun Mar 29 17:21:59 CDT 2026 ===
extraction|completed|2030
extraction|failed|2

=== Sun Mar 29 17:22:04 CDT 2026 ===
extraction|completed|2030
extraction|failed|2

=== Sun Mar 29 17:22:09 CDT 2026 ===
extraction|completed|2030
extraction|failed|2

=== Sun Mar 29 17:22:15 CDT 2026 ===
extraction|completed|2030
extraction|failed|2

=== Sun Mar 29 17:22:20 CDT 2026 ===
extraction|completed|2030
extraction|failed|2

=== Sun Mar 29 17:22:25 CDT 2026 ===
extraction|completed|2030
extraction|failed|2

=== Sun Mar 29 17:22:30 CDT 2026 ===
extraction|completed|2030
extraction|failed|2

=== Sun Mar 29 17:22:35 CDT 2026 ===
extraction|completed|2030
extraction|failed|2

=== Sun Mar 29 17:22:40 CDT 2026 ===
extraction|completed|2030
extraction|failed|2

=== Sun Mar 29 17:22:45 CDT 2026 ===
extraction|completed|2030
extraction|failed|2

=== Sun Mar 29 17:22:50 CDT 2026 ===
extraction|completed|2030
extraction|failed|2

=== Sun Mar 29 17:22:55 CDT 2026 ===
extraction|completed|2030
extraction|failed|2

=== Sun Mar 29 17:23:00 CDT 2026 ===
extraction|completed|2030
extraction|failed|2

=== Sun Mar 29 17:23:05 CDT 2026 ===
extraction|completed|2030
extraction|failed|2

=== Sun Mar 29 17:23:10 CDT 2026 ===
extraction|completed|2030
extraction|failed|2

=== Sun Mar 29 17:23:15 CDT 2026 ===
extraction|completed|2030
extraction|failed|2

=== Sun Mar 29 17:23:20 CDT 2026 ===
extraction|completed|2030
extraction|failed|2

=== Sun Mar 29 17:23:25 CDT 2026 ===
extraction|completed|2030
extraction|failed|2

